# JRE version: OpenJDK Runtime Environment (7.0_75-b13) (build 1.7.0_75-b13)
# Java VM: OpenJDK 64-Bit Server VM (24.75-b04 mixed mode linux-amd64 compressed oops)
Heap
 PSYoungGen      total 1828864K, used 1671911K [0x0000000780000000, 0x0000000800000000, 0x0000000800000000)
  eden space 1555456K, 100% used [0x0000000780000000,0x00000007def00000,0x00000007def00000)
  from space 273408K, 42% used [0x00000007ef500000,0x00000007f66b9d98,0x0000000800000000)
  to   space 268288K, 31% used [0x00000007def00000,0x00000007e4211a30,0x00000007ef500000)
 ParOldGen       total 2097152K, used 543478K [0x0000000700000000, 0x0000000780000000, 0x0000000780000000)
  object space 2097152K, 25% used [0x0000000700000000,0x00000007212bdb10,0x0000000780000000)
 PSPermGen       total 883712K, used 883522K [0x00000006c0000000, 0x00000006f5f00000, 0x0000000700000000)
  object space 883712K, 99% used [0x00000006c0000000,0x00000006f5ed09c8,0x00000006f5f00000)
GC Heap History (10 events):
Event: 2752.719 GC heap after
Heap after GC invocations=10 (full 0):
 PSYoungGen      total 1806848K, used 179646K [0x0000000780000000, 0x0000000800000000, 0x0000000800000000)
  eden space 1508352K, 0% used [0x0000000780000000,0x0000000780000000,0x00000007dc100000)
  from space 298496K, 60% used [0x00000007edc80000,0x00000007f8befad0,0x0000000800000000)
  to   space 290304K, 0% used [0x00000007dc100000,0x00000007dc100000,0x00000007edc80000)
 ParOldGen       total 2097152K, used 221557K [0x0000000700000000, 0x0000000780000000, 0x0000000780000000)
  object space 2097152K, 10% used [0x0000000700000000,0x000000070d85d568,0x0000000780000000)
 PSPermGen       total 563200K, used 562928K [0x00000006c0000000, 0x00000006e2600000, 0x0000000700000000)
  object space 563200K, 99% used [0x00000006c0000000,0x00000006e25bc218,0x00000006e2600000)
}
Event: 3235.141 GC heap before
{Heap before GC invocations=11 (full 0):
 PSYoungGen      total 1806848K, used 1687998K [0x0000000780000000, 0x0000000800000000, 0x0000000800000000)
  eden space 1508352K, 100% used [0x0000000780000000,0x00000007dc100000,0x00000007dc100000)
  from space 298496K, 60% used [0x00000007edc80000,0x00000007f8befad0,0x0000000800000000)
  to   space 290304K, 0% used [0x00000007dc100000,0x00000007dc100000,0x00000007edc80000)
 ParOldGen       total 2097152K, used 221557K [0x0000000700000000, 0x0000000780000000, 0x0000000780000000)
  object space 2097152K, 10% used [0x0000000700000000,0x000000070d85d568,0x0000000780000000)
 PSPermGen       total 617472K, used 617441K [0x00000006c0000000, 0x00000006e5b00000, 0x0000000700000000)
  object space 617472K, 99% used [0x00000006c0000000,0x00000006e5af8540,0x00000006e5b00000)
Event: 3235.295 GC heap after
Heap after GC invocations=11 (full 0):
 PSYoungGen      total 1798656K, used 96858K [0x0000000780000000, 0x0000000800000000, 0x0000000800000000)
  eden space 1508352K, 0% used [0x0000000780000000,0x0000000780000000,0x00000007dc100000)
  from space 290304K, 33% used [0x00000007dc100000,0x00000007e1f96ac0,0x00000007edc80000)
  to   space 290304K, 0% used [0x00000007ee480000,0x00000007ee480000,0x0000000800000000)
 ParOldGen       total 2097152K, used 341592K [0x0000000700000000, 0x0000000780000000, 0x0000000780000000)
  object space 2097152K, 16% used [0x0000000700000000,0x0000000714d96088,0x0000000780000000)
 PSPermGen       total 617472K, used 617441K [0x00000006c0000000, 0x00000006e5b00000, 0x0000000700000000)
  object space 617472K, 99% used [0x00000006c0000000,0x00000006e5af8540,0x00000006e5b00000)
}
Event: 3490.108 GC heap before
{Heap before GC invocations=12 (full 0):
 PSYoungGen      total 1798656K, used 1605210K [0x0000000780000000, 0x0000000800000000, 0x0000000800000000)
  eden space 1508352K, 100% used [0x0000000780000000,0x00000007dc100000,0x00000007dc100000)
  from space 290304K, 33% used [0x00000007dc100000,0x00000007e1f96ac0,0x00000007edc80000)
  to   space 290304K, 0% used [0x00000007ee480000,0x00000007ee480000,0x0000000800000000)
 ParOldGen       total 2097152K, used 341592K [0x0000000700000000, 0x0000000780000000, 0x0000000780000000)
  object space 2097152K, 16% used [0x0000000700000000,0x0000000714d96088,0x0000000780000000)
 PSPermGen       total 692736K, used 692730K [0x00000006c0000000, 0x00000006ea480000, 0x0000000700000000)
  object space 692736K, 99% used [0x00000006c0000000,0x00000006ea47eae8,0x00000006ea480000)
Event: 3490.231 GC heap after
Heap after GC invocations=12 (full 0):
 PSYoungGen      total 1818624K, used 154044K [0x0000000780000000, 0x0000000800000000, 0x0000000800000000)
  eden space 1528320K, 0% used [0x0000000780000000,0x0000000780000000,0x00000007dd480000)
  from space 290304K, 53% used [0x00000007ee480000,0x00000007f7aef0b0,0x0000000800000000)
  to   space 278528K, 0% used [0x00000007dd480000,0x00000007dd480000,0x00000007ee480000)
 ParOldGen       total 2097152K, used 382302K [0x0000000700000000, 0x0000000780000000, 0x0000000780000000)
  object space 2097152K, 18% used [0x0000000700000000,0x0000000717557aa0,0x0000000780000000)
 PSPermGen       total 692736K, used 692730K [0x00000006c0000000, 0x00000006ea480000, 0x0000000700000000)
  object space 692736K, 99% used [0x00000006c0000000,0x00000006ea47eae8,0x00000006ea480000)
}
Event: 3643.463 GC heap before
{Heap before GC invocations=13 (full 0):
 PSYoungGen      total 1818624K, used 1682364K [0x0000000780000000, 0x0000000800000000, 0x0000000800000000)
  eden space 1528320K, 100% used [0x0000000780000000,0x00000007dd480000,0x00000007dd480000)
  from space 290304K, 53% used [0x00000007ee480000,0x00000007f7aef0b0,0x0000000800000000)
  to   space 278528K, 0% used [0x00000007dd480000,0x00000007dd480000,0x00000007ee480000)
 ParOldGen       total 2097152K, used 382302K [0x0000000700000000, 0x0000000780000000, 0x0000000780000000)
  object space 2097152K, 18% used [0x0000000700000000,0x0000000717557aa0,0x0000000780000000)
 PSPermGen       total 742400K, used 742260K [0x00000006c0000000, 0x00000006ed500000, 0x0000000700000000)
  object space 742400K, 99% used [0x00000006c0000000,0x00000006ed4dd1d8,0x00000006ed500000)
Event: 3643.570 GC heap after
Heap after GC invocations=13 (full 0):
 PSYoungGen      total 1806848K, used 119725K [0x0000000780000000, 0x0000000800000000, 0x0000000800000000)
  eden space 1528320K, 0% used [0x0000000780000000,0x0000000780000000,0x00000007dd480000)
  from space 278528K, 42% used [0x00000007dd480000,0x00000007e496b4c8,0x00000007ee480000)
  to   space 273408K, 0% used [0x00000007ef500000,0x00000007ef500000,0x0000000800000000)
 ParOldGen       total 2097152K, used 460034K [0x0000000700000000, 0x0000000780000000, 0x0000000780000000)
  object space 2097152K, 21% used [0x0000000700000000,0x000000071c140888,0x0000000780000000)
 PSPermGen       total 742400K, used 742260K [0x00000006c0000000, 0x00000006ed500000, 0x0000000700000000)
  object space 742400K, 99% used [0x00000006c0000000,0x00000006ed4dd1d8,0x00000006ed500000)
}
Event: 3855.923 GC heap before
{Heap before GC invocations=14 (full 0):
 PSYoungGen      total 1806848K, used 1648045K [0x0000000780000000, 0x0000000800000000, 0x0000000800000000)
  eden space 1528320K, 100% used [0x0000000780000000,0x00000007dd480000,0x00000007dd480000)
  from space 278528K, 42% used [0x00000007dd480000,0x00000007e496b4c8,0x00000007ee480000)
  to   space 273408K, 0% used [0x00000007ef500000,0x00000007ef500000,0x0000000800000000)
 ParOldGen       total 2097152K, used 460034K [0x0000000700000000, 0x0000000780000000, 0x0000000780000000)
  object space 2097152K, 21% used [0x0000000700000000,0x000000071c140888,0x0000000780000000)
 PSPermGen       total 812544K, used 812160K [0x00000006c0000000, 0x00000006f1980000, 0x0000000700000000)
  object space 812544K, 99% used [0x00000006c0000000,0x00000006f19200c0,0x00000006f1980000)
Event: 3856.023 GC heap after
Heap after GC invocations=14 (full 0):
 PSYoungGen      total 1828864K, used 116455K [0x0000000780000000, 0x0000000800000000, 0x0000000800000000)
  eden space 1555456K, 0% used [0x0000000780000000,0x0000000780000000,0x00000007def00000)
  from space 273408K, 42% used [0x00000007ef500000,0x00000007f66b9d98,0x0000000800000000)
  to   space 268288K, 0% used [0x00000007def00000,0x00000007def00000,0x00000007ef500000)
 ParOldGen       total 2097152K, used 500929K [0x0000000700000000, 0x0000000780000000, 0x0000000780000000)
  object space 2097152K, 23% used [0x0000000700000000,0x000000071e930760,0x0000000780000000)
 PSPermGen       total 812544K, used 812160K [0x00000006c0000000, 0x00000006f1980000, 0x0000000700000000)
  object space 812544K, 99% used [0x00000006c0000000,0x00000006f19200c0,0x00000006f1980000)
}
Event: 3984.702 GC heap before
{Heap before GC invocations=15 (full 0):
 PSYoungGen      total 1828864K, used 1671911K [0x0000000780000000, 0x0000000800000000, 0x0000000800000000)
  eden space 1555456K, 100% used [0x0000000780000000,0x00000007def00000,0x00000007def00000)
  from space 273408K, 42% used [0x00000007ef500000,0x00000007f66b9d98,0x0000000800000000)
  to   space 268288K, 0% used [0x00000007def00000,0x00000007def00000,0x00000007ef500000)
 ParOldGen       total 2097152K, used 500929K [0x0000000700000000, 0x0000000780000000, 0x0000000780000000)
  object space 2097152K, 23% used [0x0000000700000000,0x000000071e930760,0x0000000780000000)
 PSPermGen       total 883712K, used 883522K [0x00000006c0000000, 0x00000006f5f00000, 0x0000000700000000)
  object space 883712K, 99% used [0x00000006c0000000,0x00000006f5ed09c8,0x00000006f5f00000)

